<?xml version="1.0" encoding="UTF-8"?>
<!-- Generated by org.testng.reporters.JUnitReportReporter -->
<testsuite hostname="DESKTOP-LVD2BN5" failures="0" tests="2" name="org.testcases.TestCase6" time="31.274" errors="0" timestamp="24 Jun 2023 21:41:22 GMT" skipped="0">
  <testcase classname="org.testcases.TestCase6" name="writeReviewTestCase" time="15.594"/>
  <testcase classname="org.testcases.TestCase6" name="writeReviewTestCase" time="15.680"/>
</testsuite> <!-- org.testcases.TestCase6 -->
