<?xml version="1.0" encoding="UTF-8"?>
<!-- Generated by org.testng.reporters.JUnitReportReporter -->
<testsuite hostname="DESKTOP-LVD2BN5" failures="0" tests="2" name="org.testcases.TestCase5" time="131.687" errors="0" timestamp="25 Jun 2023 17:50:33 GMT" skipped="0">
  <testcase classname="org.testcases.TestCase5" name="searchProductCase" time="58.809"/>
  <testcase classname="org.testcases.TestCase5" name="searchProductCase" time="72.878"/>
</testsuite> <!-- org.testcases.TestCase5 -->
