<?xml version="1.0" encoding="UTF-8"?>
<!-- Generated by org.testng.reporters.JUnitReportReporter -->
<testsuite hostname="DESKTOP-LVD2BN5" failures="0" tests="2" name="org.testcases.TestCase5" time="171.079" errors="0" timestamp="24 Jun 2023 21:41:22 GMT" skipped="0">
  <testcase classname="org.testcases.TestCase5" name="searchProductCase" time="107.841"/>
  <testcase classname="org.testcases.TestCase5" name="searchProductCase" time="63.238"/>
</testsuite> <!-- org.testcases.TestCase5 -->
