<?xml version="1.0" encoding="UTF-8"?>
<!-- Generated by org.testng.reporters.JUnitReportReporter -->
<testsuite hostname="DESKTOP-LVD2BN5" failures="0" tests="2" name="org.testcases.TestCase5" time="169.938" errors="0" timestamp="21 Jun 2023 21:06:48 GMT" skipped="0">
  <testcase classname="org.testcases.TestCase5" name="searchProductCase" time="81.735"/>
  <testcase classname="org.testcases.TestCase5" name="searchProductCase" time="88.203"/>
</testsuite> <!-- org.testcases.TestCase5 -->
