<?xml version="1.0" encoding="UTF-8"?>
<!-- Generated by org.testng.reporters.JUnitReportReporter -->
<testsuite hostname="DESKTOP-LVD2BN5" failures="0" tests="2" name="org.testcases.TestCase2" time="53.446" errors="0" timestamp="21 Jun 2023 21:06:48 GMT" skipped="0">
  <testcase classname="org.testcases.TestCase2" name="loginCorrectTest" time="25.003"/>
  <testcase classname="org.testcases.TestCase2" name="loginCorrectTest" time="28.443"/>
</testsuite> <!-- org.testcases.TestCase2 -->
