<?xml version="1.0" encoding="UTF-8"?>
<!-- Generated by org.testng.reporters.JUnitReportReporter -->
<testsuite hostname="DESKTOP-LVD2BN5" failures="0" tests="2" name="org.testcases.TestCase2" time="56.114" errors="0" timestamp="25 Jun 2023 17:50:33 GMT" skipped="0">
  <testcase classname="org.testcases.TestCase2" name="loginCorrectTest" time="31.570"/>
  <testcase classname="org.testcases.TestCase2" name="loginCorrectTest" time="24.544"/>
</testsuite> <!-- org.testcases.TestCase2 -->
