<?xml version="1.0" encoding="UTF-8"?>
<!-- Generated by org.testng.reporters.JUnitReportReporter -->
<testsuite hostname="DESKTOP-LVD2BN5" failures="0" tests="2" name="org.testcases.TestCase1" time="77.420" errors="0" timestamp="24 Jun 2023 21:41:22 GMT" skipped="0">
  <testcase classname="org.testcases.TestCase1" name="RegisterUserCase" time="35.970"/>
  <testcase classname="org.testcases.TestCase1" name="RegisterUserCase" time="41.450"/>
</testsuite> <!-- org.testcases.TestCase1 -->
