<?xml version="1.0" encoding="UTF-8"?>
<!-- Generated by org.testng.reporters.JUnitReportReporter -->
<testsuite hostname="DESKTOP-LVD2BN5" failures="0" tests="2" name="org.testcases.TestCase1" time="86.039" errors="0" timestamp="25 Jun 2023 17:50:33 GMT" skipped="0">
  <testcase classname="org.testcases.TestCase1" name="RegisterUserCase" time="38.455"/>
  <testcase classname="org.testcases.TestCase1" name="RegisterUserCase" time="47.584"/>
</testsuite> <!-- org.testcases.TestCase1 -->
