<?xml version="1.0" encoding="UTF-8"?>
<!-- Generated by org.testng.reporters.JUnitReportReporter -->
<testsuite hostname="DESKTOP-LVD2BN5" failures="0" tests="2" name="org.testcases.TestCase4" time="33.542" errors="0" timestamp="25 Jun 2023 15:24:46 GMT" skipped="0">
  <testcase classname="org.testcases.TestCase4" name="removeItemsTestCase" time="20.097"/>
  <testcase classname="org.testcases.TestCase4" name="removeItemsTestCase" time="13.445"/>
</testsuite> <!-- org.testcases.TestCase4 -->
