<?xml version="1.0" encoding="UTF-8"?>
<!-- Generated by org.testng.reporters.JUnitReportReporter -->
<testsuite hostname="DESKTOP-LVD2BN5" failures="0" tests="2" name="org.testcases.TestCase5" time="156.246" errors="0" timestamp="20 Jun 2023 08:49:19 GMT" skipped="0">
  <testcase classname="org.testcases.TestCase5" name="searchProductCase" time="74.801"/>
  <testcase classname="org.testcases.TestCase5" name="searchProductCase" time="81.445"/>
</testsuite> <!-- org.testcases.TestCase5 -->
