<?xml version="1.0" encoding="UTF-8"?>
<!-- Generated by org.testng.reporters.JUnitReportReporter -->
<testsuite hostname="DESKTOP-LVD2BN5" failures="0" tests="2" name="org.testcases.TestCase3" time="24.661" errors="0" timestamp="25 Jun 2023 17:50:33 GMT" skipped="0">
  <testcase classname="org.testcases.TestCase3" name="loginWrongTest" time="16.539"/>
  <testcase classname="org.testcases.TestCase3" name="loginWrongTest" time="8.122"/>
</testsuite> <!-- org.testcases.TestCase3 -->
