<?xml version="1.0" encoding="UTF-8"?>
<!-- Generated by org.testng.reporters.JUnitReportReporter -->
<testsuite hostname="DESKTOP-LVD2BN5" failures="0" tests="2" name="org.testcases.TestCase4" time="34.718" errors="0" timestamp="25 Jun 2023 17:50:33 GMT" skipped="0">
  <testcase classname="org.testcases.TestCase4" name="removeItemsTestCase" time="14.852"/>
  <testcase classname="org.testcases.TestCase4" name="removeItemsTestCase" time="19.866"/>
</testsuite> <!-- org.testcases.TestCase4 -->
