<?xml version="1.0" encoding="UTF-8"?>
<!-- Generated by org.testng.reporters.JUnitReportReporter -->
<testsuite hostname="DESKTOP-LVD2BN5" failures="0" tests="2" name="org.testcases.TestCase6" time="37.971" errors="0" timestamp="25 Jun 2023 17:50:33 GMT" skipped="0">
  <testcase classname="org.testcases.TestCase6" name="writeReviewTestCase" time="16.869"/>
  <testcase classname="org.testcases.TestCase6" name="writeReviewTestCase" time="21.102"/>
</testsuite> <!-- org.testcases.TestCase6 -->
