<?xml version="1.0" encoding="UTF-8"?>
<!-- Generated by org.testng.reporters.JUnitReportReporter -->
<testsuite hostname="DESKTOP-LVD2BN5" failures="0" tests="2" name="org.testcases.TestCase3" time="15.678" errors="0" timestamp="21 Jun 2023 21:06:48 GMT" skipped="0">
  <testcase classname="org.testcases.TestCase3" name="loginWrongTest" time="6.995"/>
  <testcase classname="org.testcases.TestCase3" name="loginWrongTest" time="8.683"/>
</testsuite> <!-- org.testcases.TestCase3 -->
