<?xml version="1.0" encoding="UTF-8"?>
<!-- Generated by org.testng.reporters.JUnitReportReporter -->
<testsuite hostname="DESKTOP-LVD2BN5" failures="0" tests="2" name="org.testcases.TestCase1" time="71.589" errors="0" timestamp="20 Jun 2023 08:49:19 GMT" skipped="0">
  <testcase classname="org.testcases.TestCase1" name="RegisterUserCase" time="34.360"/>
  <testcase classname="org.testcases.TestCase1" name="RegisterUserCase" time="37.229"/>
</testsuite> <!-- org.testcases.TestCase1 -->
