<?xml version="1.0" encoding="UTF-8"?>
<!-- Generated by org.testng.reporters.JUnitReportReporter -->
<testsuite hostname="DESKTOP-LVD2BN5" failures="0" tests="2" name="org.testcases.TestCase6" time="25.485" errors="0" timestamp="21 Jun 2023 21:06:48 GMT" skipped="0">
  <testcase classname="org.testcases.TestCase6" name="writeReviewTestCase" time="14.553"/>
  <testcase classname="org.testcases.TestCase6" name="writeReviewTestCase" time="10.932"/>
</testsuite> <!-- org.testcases.TestCase6 -->
