<?xml version="1.0" encoding="UTF-8"?>
<!-- Generated by org.testng.reporters.JUnitReportReporter -->
<testsuite hostname="DESKTOP-LVD2BN5" failures="0" tests="2" name="org.testcases.TestCase3" time="18.156" errors="0" timestamp="25 Jun 2023 13:04:44 GMT" skipped="0">
  <testcase classname="org.testcases.TestCase3" name="loginWrongTest" time="11.027"/>
  <testcase classname="org.testcases.TestCase3" name="loginWrongTest" time="7.129"/>
</testsuite> <!-- org.testcases.TestCase3 -->
