<?xml version="1.0" encoding="UTF-8"?>
<!-- Generated by org.testng.reporters.JUnitReportReporter -->
<testsuite hostname="DESKTOP-LVD2BN5" failures="0" tests="2" name="org.testcases.TestCase2" time="51.990" errors="0" timestamp="20 Jun 2023 08:49:19 GMT" skipped="0">
  <testcase classname="org.testcases.TestCase2" name="loginCorrectTest" time="24.647"/>
  <testcase classname="org.testcases.TestCase2" name="loginCorrectTest" time="27.343"/>
</testsuite> <!-- org.testcases.TestCase2 -->
