<?xml version="1.0" encoding="UTF-8"?>
<!-- Generated by org.testng.reporters.JUnitReportReporter -->
<testsuite hostname="DESKTOP-LVD2BN5" failures="0" tests="2" name="org.testcases.TestCase1" time="71.716" errors="0" timestamp="21 Jun 2023 21:12:29 GMT" skipped="0">
  <testcase classname="org.testcases.TestCase1" name="RegisterUserCase" time="34.807"/>
  <testcase classname="org.testcases.TestCase1" name="RegisterUserCase" time="36.909"/>
</testsuite> <!-- org.testcases.TestCase1 -->
