<?xml version="1.0" encoding="UTF-8"?>
<!-- Generated by org.testng.reporters.JUnitReportReporter -->
<testsuite hostname="DESKTOP-LVD2BN5" failures="0" tests="2" name="org.testcases.TestCase3" time="17.277" errors="0" timestamp="21 Jun 2023 21:12:29 GMT" skipped="0">
  <testcase classname="org.testcases.TestCase3" name="loginWrongTest" time="7.925"/>
  <testcase classname="org.testcases.TestCase3" name="loginWrongTest" time="9.352"/>
</testsuite> <!-- org.testcases.TestCase3 -->
