<?xml version="1.0" encoding="UTF-8"?>
<!-- Generated by org.testng.reporters.JUnitReportReporter -->
<testsuite hostname="DESKTOP-LVD2BN5" failures="0" tests="2" name="org.testcases.TestCase5" time="177.773" errors="0" timestamp="21 Jun 2023 21:12:29 GMT" skipped="0">
  <testcase classname="org.testcases.TestCase5" name="searchProductCase" time="88.471"/>
  <testcase classname="org.testcases.TestCase5" name="searchProductCase" time="89.302"/>
</testsuite> <!-- org.testcases.TestCase5 -->
